2025-05-22 16:00:45,536 - root - INFO - Initializing database from schema.sql...
2025-05-22 16:00:45,549 - root - INFO - Schema executed successfully
2025-05-22 16:00:45,549 - root - INFO - Users table doesn't exist yet - skipping column check
2025-05-22 16:00:45,549 - root - INFO - Database initialization completed
2025-05-22 16:36:18,922 - root - INFO - Initializing database from schema.sql...
2025-05-22 16:36:18,934 - root - INFO - Schema executed successfully
2025-05-22 16:36:18,935 - root - INFO - Database initialization completed
2025-05-22 16:42:16,148 - root - INFO - Initializing database from schema.sql...
2025-05-22 16:42:16,161 - root - INFO - Schema executed successfully
2025-05-22 16:42:16,161 - root - INFO - Database initialization completed
2025-05-22 16:42:16,161 - __main__ - ERROR - Error getting admin reports: no such table: scan_history
2025-05-22 16:42:16,161 - __main__ - INFO - ✅ Admin database functions patched successfully
2025-05-22 16:43:06,186 - root - INFO - Initializing database from schema.sql...
2025-05-22 16:43:06,198 - root - INFO - Schema executed successfully
2025-05-22 16:43:06,198 - root - INFO - Database initialization completed
2025-05-22 16:43:06,198 - admin_db_functions - ERROR - Error getting admin reports: no such table: scan_history
2025-05-22 16:43:06,199 - admin_db_functions - INFO - Admin settings updated: {'test': 'value'}
2025-05-22 21:13:19,770 - root - INFO - Initializing database from schema.sql...
2025-05-22 21:13:19,787 - root - INFO - Schema executed successfully
2025-05-22 21:13:19,788 - root - INFO - Database initialization completed
2025-05-22 21:13:19,789 - scanner_db_functions - ERROR - Error creating scanner: no such table: scanners
2025-05-22 21:13:46,732 - root - INFO - Initializing database from schema.sql...
2025-05-22 21:13:46,762 - root - INFO - Schema executed successfully
2025-05-22 21:13:46,763 - root - INFO - Database initialization completed
2025-05-22 21:13:51,418 - root - INFO - Initializing database from schema.sql...
2025-05-22 21:13:51,431 - root - INFO - Schema executed successfully
2025-05-22 21:13:51,431 - root - INFO - Database initialization completed
2025-05-22 21:13:51,438 - scanner_db_functions - INFO - Scanner 'Test Client Scanner' created successfully for client 1
2025-05-22 21:35:20,573 - root - INFO - Initializing database from schema.sql...
2025-05-22 21:35:20,590 - root - INFO - Schema executed successfully
2025-05-22 21:35:20,591 - root - INFO - Database initialization completed
2025-05-22 21:35:20,591 - scanner_db_functions - INFO - ✅ Scanner database functions patched successfully
2025-05-22 21:35:20,592 - fix_auth - INFO - Database tables verified
2025-05-22 21:35:20,592 - fix_auth - INFO - Database tables verified
2025-05-22 21:35:20,622 - fix_auth - INFO - Updated existing admin user
2025-05-22 21:35:20,627 - fix_auth - INFO - Admin user created/updated successfully
2025-05-22 21:35:20,627 - fix_auth - INFO - Authentication fix applied successfully
2025-05-22 21:35:20,662 - root - INFO - Created user: customizetest with role: client
2025-05-22 21:35:20,675 - scanner_db_functions - INFO - Scanner 'Customize Route Test Scanner' created successfully for client 7
2025-05-22 21:35:20,678 - scanner_deployment - INFO - Generated HTML files for scanner scanner_3b720d2e
2025-05-22 21:35:20,678 - scanner_deployment - INFO - Generated CSS for scanner
2025-05-22 21:35:20,678 - scanner_deployment - INFO - Generated JavaScript for scanner
2025-05-22 21:35:20,678 - scanner_deployment - INFO - Generated API documentation for scanner
2025-05-23 08:25:26,737 - root - INFO - Initializing database from schema.sql...
2025-05-23 08:25:26,760 - root - INFO - Schema executed successfully
2025-05-23 08:25:26,760 - root - INFO - Database initialization completed
2025-05-23 08:26:13,915 - root - INFO - Initializing database from schema.sql...
2025-05-23 08:26:13,928 - root - INFO - Schema executed successfully
2025-05-23 08:26:13,929 - root - INFO - Database initialization completed
2025-05-23 08:34:59,908 - root - INFO - Initializing database from schema.sql...
2025-05-23 08:34:59,923 - root - INFO - Schema executed successfully
2025-05-23 08:34:59,924 - root - INFO - Database initialization completed
2025-05-23 08:35:24,313 - root - INFO - Initializing database from schema.sql...
2025-05-23 08:35:24,327 - root - INFO - Schema executed successfully
2025-05-23 08:35:24,327 - root - INFO - Database initialization completed
2025-05-23 08:35:24,327 - root - INFO - Initializing database from schema.sql...
2025-05-23 08:35:24,345 - root - INFO - Schema executed successfully
2025-05-23 08:35:24,346 - root - INFO - Database initialization completed
2025-05-23 08:37:49,113 - root - INFO - Initializing database from schema.sql...
2025-05-23 08:37:49,123 - root - INFO - Schema executed successfully
2025-05-23 08:37:49,124 - root - INFO - Database initialization completed
2025-05-23 08:37:49,124 - scanner_db_functions - INFO - ✅ Scanner database functions patched successfully
2025-05-23 08:47:19,940 - root - INFO - Initializing database from schema.sql...
2025-05-23 08:47:19,954 - root - INFO - Schema executed successfully
2025-05-23 08:47:19,954 - root - INFO - Database initialization completed
2025-05-23 08:47:19,959 - scanner_db_functions - INFO - Scanner 'Test Client Scanner' created successfully for client 1
2025-05-23 09:03:59,465 - root - INFO - Initializing database from schema.sql...
2025-05-23 09:03:59,482 - root - INFO - Schema executed successfully
2025-05-23 09:03:59,482 - root - INFO - Database initialization completed
2025-05-23 09:03:59,482 - root - INFO - Initializing database from schema.sql...
2025-05-23 09:03:59,504 - root - INFO - Schema executed successfully
2025-05-23 09:03:59,504 - root - INFO - Users table doesn't exist yet - skipping column check
2025-05-23 09:03:59,504 - root - INFO - Database initialization completed
2025-05-23 09:16:59,365 - root - INFO - Initializing database from schema.sql...
2025-05-23 09:16:59,374 - root - INFO - Schema executed successfully
2025-05-23 09:16:59,374 - root - INFO - Database initialization completed
2025-05-23 09:17:23,412 - root - INFO - Initializing database from schema.sql...
2025-05-23 09:17:23,422 - root - INFO - Schema executed successfully
2025-05-23 09:17:23,422 - root - INFO - Database initialization completed
2025-05-23 09:17:37,972 - root - INFO - Initializing database from schema.sql...
2025-05-23 09:17:37,982 - root - INFO - Schema executed successfully
2025-05-23 09:17:37,983 - root - INFO - Database initialization completed
2025-05-23 09:18:43,269 - root - INFO - Initializing database from schema.sql...
2025-05-23 09:18:43,282 - root - INFO - Schema executed successfully
2025-05-23 09:18:43,282 - root - INFO - Database initialization completed
2025-05-23 09:18:43,283 - fix_auth - INFO - Database tables verified
2025-05-23 09:18:43,283 - fix_auth - INFO - Database tables verified
2025-05-23 09:18:43,308 - fix_auth - INFO - Updated existing admin user
2025-05-23 09:18:43,317 - fix_auth - INFO - Admin user created/updated successfully
2025-05-23 09:18:43,317 - fix_auth - INFO - Authentication fix applied successfully
2025-05-23 09:18:43,350 - root - INFO - Created user: debug_34d070d4 with role: client
2025-05-23 09:18:43,357 - scanner_db_functions - INFO - ✅ Scanner database functions patched successfully
2025-05-23 09:18:43,363 - scanner_db_functions - INFO - Scanner 'Debug Test Scanner' created successfully for client 4
2025-05-23 09:19:34,455 - root - INFO - Initializing database from schema.sql...
2025-05-23 09:19:34,469 - root - INFO - Schema executed successfully
2025-05-23 09:19:34,469 - root - INFO - Database initialization completed
2025-05-23 09:20:08,414 - root - INFO - Initializing database from schema.sql...
2025-05-23 09:20:08,423 - root - INFO - Schema executed successfully
2025-05-23 09:20:08,423 - root - INFO - Database initialization completed
2025-05-23 10:07:30,324 - root - INFO - Initializing database from schema.sql...
2025-05-23 10:07:30,336 - root - INFO - Schema executed successfully
2025-05-23 10:07:30,337 - root - INFO - Database initialization completed
2025-05-23 10:07:57,972 - root - INFO - Initializing database from schema.sql...
2025-05-23 10:07:57,982 - root - INFO - Schema executed successfully
2025-05-23 10:07:57,983 - root - INFO - Database initialization completed
2025-05-23 10:08:21,545 - root - INFO - Initializing database from schema.sql...
2025-05-23 10:08:21,556 - root - INFO - Schema executed successfully
2025-05-23 10:08:21,557 - root - INFO - Database initialization completed
2025-05-23 10:08:21,563 - scanner_deployment - INFO - Generated HTML files for scanner scanner_c73b04ed
2025-05-23 10:08:21,563 - scanner_deployment - INFO - Generated CSS for scanner
2025-05-23 10:08:21,563 - scanner_deployment - INFO - Generated JavaScript for scanner
2025-05-23 10:08:21,563 - scanner_deployment - INFO - Generated API documentation for scanner
2025-05-23 10:12:57,156 - root - INFO - Initializing database from schema.sql...
2025-05-23 10:12:57,166 - root - INFO - Schema executed successfully
2025-05-23 10:12:57,166 - root - INFO - Database initialization completed
2025-05-23 10:13:46,923 - root - INFO - Initializing database from schema.sql...
2025-05-23 10:13:46,936 - root - INFO - Schema executed successfully
2025-05-23 10:13:46,937 - root - INFO - Database initialization completed
2025-05-23 10:26:11,577 - root - INFO - Initializing database from schema.sql...
2025-05-23 10:26:11,592 - root - INFO - Schema executed successfully
2025-05-23 10:26:11,593 - root - INFO - Database initialization completed
2025-05-23 10:26:25,417 - root - INFO - Initializing database from schema.sql...
2025-05-23 10:26:25,426 - root - INFO - Schema executed successfully
2025-05-23 10:26:25,427 - root - INFO - Database initialization completed
